<?xml version="1.0" encoding="UTF-8"?>
<testng-results ignored="0" total="3" passed="3" failed="0" skipped="0">
  <reporter-output>
  </reporter-output>
  <suite started-at="2026-06-04T11:03:40 IST" name="Default suite" finished-at="2026-06-04T11:04:42 IST" duration-ms="62281">
    <groups>
    </groups>
    <test started-at="2026-06-04T11:03:40 IST" name="Default test" finished-at="2026-06-04T11:04:42 IST" duration-ms="62281">
      <class name="testcases.saucedemo_all_testcases">
        <test-method is-config="true" signature="setupReport()[pri:0, instance:testcases.saucedemo_all_testcases@6731787b]" started-at="2026-06-04T11:03:39 IST" name="setupReport" finished-at="2026-06-04T11:03:40 IST" duration-ms="352" status="PASS">
          <reporter-output>
          </reporter-output>
        </test-method> <!-- setupReport -->
        <test-method is-config="true" signature="initialize_n_OpenBrowser(java.lang.reflect.Method)[pri:0, instance:testcases.saucedemo_all_testcases@6731787b]" started-at="2026-06-04T11:03:40 IST" name="initialize_n_OpenBrowser" finished-at="2026-06-04T11:03:46 IST" duration-ms="6068" status="PASS">
          <params>
            <param index="0">
              <value>
                <![CDATA[public void testcases.saucedemo_all_testcases.login_testcase() throws java.io.IOException,java.lang.InterruptedException]]>
              </value>
            </param>
          </params>
          <reporter-output>
          </reporter-output>
        </test-method> <!-- initialize_n_OpenBrowser -->
        <test-method signature="login_testcase()[pri:0, instance:testcases.saucedemo_all_testcases@6731787b]" started-at="2026-06-04T11:03:46 IST" name="login_testcase" finished-at="2026-06-04T11:03:58 IST" duration-ms="12324" status="PASS">
          <reporter-output>
          </reporter-output>
        </test-method> <!-- login_testcase -->
        <test-method is-config="true" signature="closeBrowser()[pri:0, instance:testcases.saucedemo_all_testcases@6731787b]" started-at="2026-06-04T11:03:58 IST" name="closeBrowser" finished-at="2026-06-04T11:03:59 IST" duration-ms="469" status="PASS">
          <reporter-output>
          </reporter-output>
        </test-method> <!-- closeBrowser -->
        <test-method is-config="true" signature="initialize_n_OpenBrowser(java.lang.reflect.Method)[pri:0, instance:testcases.saucedemo_all_testcases@6731787b]" started-at="2026-06-04T11:03:59 IST" name="initialize_n_OpenBrowser" finished-at="2026-06-04T11:04:01 IST" duration-ms="2375" status="PASS">
          <params>
            <param index="0">
              <value>
                <![CDATA[public void testcases.saucedemo_all_testcases.add_to_cart_testcase() throws java.io.IOException,java.lang.InterruptedException]]>
              </value>
            </param>
          </params>
          <reporter-output>
          </reporter-output>
        </test-method> <!-- initialize_n_OpenBrowser -->
        <test-method signature="add_to_cart_testcase()[pri:1, instance:testcases.saucedemo_all_testcases@6731787b]" started-at="2026-06-04T11:04:01 IST" name="add_to_cart_testcase" finished-at="2026-06-04T11:04:13 IST" duration-ms="11535" status="PASS">
          <reporter-output>
          </reporter-output>
        </test-method> <!-- add_to_cart_testcase -->
        <test-method is-config="true" signature="closeBrowser()[pri:0, instance:testcases.saucedemo_all_testcases@6731787b]" started-at="2026-06-04T11:04:13 IST" name="closeBrowser" finished-at="2026-06-04T11:04:13 IST" duration-ms="429" status="PASS">
          <reporter-output>
          </reporter-output>
        </test-method> <!-- closeBrowser -->
        <test-method is-config="true" signature="initialize_n_OpenBrowser(java.lang.reflect.Method)[pri:0, instance:testcases.saucedemo_all_testcases@6731787b]" started-at="2026-06-04T11:04:13 IST" name="initialize_n_OpenBrowser" finished-at="2026-06-04T11:04:17 IST" duration-ms="3367" status="PASS">
          <params>
            <param index="0">
              <value>
                <![CDATA[public void testcases.saucedemo_all_testcases.checkout_n_address_testcase() throws java.io.IOException,java.lang.InterruptedException]]>
              </value>
            </param>
          </params>
          <reporter-output>
          </reporter-output>
        </test-method> <!-- initialize_n_OpenBrowser -->
        <test-method signature="checkout_n_address_testcase()[pri:2, instance:testcases.saucedemo_all_testcases@6731787b]" started-at="2026-06-04T11:04:17 IST" name="checkout_n_address_testcase" finished-at="2026-06-04T11:04:42 IST" duration-ms="24834" status="PASS">
          <reporter-output>
          </reporter-output>
        </test-method> <!-- checkout_n_address_testcase -->
        <test-method is-config="true" signature="closeBrowser()[pri:0, instance:testcases.saucedemo_all_testcases@6731787b]" started-at="2026-06-04T11:04:42 IST" name="closeBrowser" finished-at="2026-06-04T11:04:42 IST" duration-ms="473" status="PASS">
          <reporter-output>
          </reporter-output>
        </test-method> <!-- closeBrowser -->
        <test-method is-config="true" signature="flushReport()[pri:0, instance:testcases.saucedemo_all_testcases@6731787b]" started-at="2026-06-04T11:04:42 IST" name="flushReport" finished-at="2026-06-04T11:04:42 IST" duration-ms="315" status="PASS">
          <reporter-output>
          </reporter-output>
        </test-method> <!-- flushReport -->
      </class> <!-- testcases.saucedemo_all_testcases -->
    </test> <!-- Default test -->
  </suite> <!-- Default suite -->
</testng-results>
