<?xml version="1.0" encoding="UTF-8"?>
<!-- Generated by org.testng.reporters.JUnitReportReporter -->
<testsuite hostname="aniket" failures="0" tests="3" name="testcases.saucedemo_all_testcases" time="61.874" errors="0" timestamp="2026-06-04T11:04:43 IST" skipped="0">
  <testcase classname="testcases.saucedemo_all_testcases" name="login_testcase" time="18.865"/>
  <testcase classname="testcases.saucedemo_all_testcases" name="add_to_cart_testcase" time="14.339"/>
  <testcase classname="testcases.saucedemo_all_testcases" name="checkout_n_address_testcase" time="28.670"/>
</testsuite> <!-- testcases.saucedemo_all_testcases -->
