<?xml version="1.0" encoding="UTF-8"?>
<!-- Generated by org.testng.reporters.JUnitXMLReporter -->
<testsuite ignored="0" hostname="aniket" failures="0" tests="3" name="Default test" time="62.281" errors="0" timestamp="2026-06-04T11:04:42 IST">
  <testcase classname="testcases.saucedemo_all_testcases" name="login_testcase" time="12.324"/>
  <testcase classname="testcases.saucedemo_all_testcases" name="add_to_cart_testcase" time="11.535"/>
  <testcase classname="testcases.saucedemo_all_testcases" name="checkout_n_address_testcase" time="24.834"/>
</testsuite> <!-- Default test -->
